<?xml version="1.0" encoding="utf-8"?><testsuites name="pytest tests"><testsuite name="pytest" errors="0" failures="0" skipped="0" tests="3" time="0.772" timestamp="2026-03-09T19:06:59.518112+00:00" hostname="agent-env-134612f2-d5d5-43c7-af05-a326b8bc1716"><testcase classname="backend.tests.test_contact_api" name="test_api_root_returns_hello_world" time="0.279" /><testcase classname="backend.tests.test_contact_api" name="test_contact_requires_email_or_phone" time="0.217" /><testcase classname="backend.tests.test_contact_api" name="test_contact_returns_smtp_config_error_when_credentials_missing" time="0.183" /></testsuite></testsuites>